[23-Aug-2023 13:20:59 Europe/Madrid] Inicio de aplicación web
[23-Aug-2023 13:20:59 Europe/Madrid] PHP Parse error:  syntax error, unexpected variable "$controller" in C:\xampp\htdocs\proyecto\mvc\libs\app.php on line 22
[23-Aug-2023 13:21:04 Europe/Madrid] Inicio de aplicación web
[23-Aug-2023 13:21:04 Europe/Madrid] PHP Parse error:  syntax error, unexpected variable "$controller" in C:\xampp\htdocs\proyecto\mvc\libs\app.php on line 22
[23-Aug-2023 13:21:12 Europe/Madrid] Inicio de aplicación web
[23-Aug-2023 13:21:12 Europe/Madrid] PHP Parse error:  syntax error, unexpected token "}" in C:\xampp\htdocs\proyecto\mvc\libs\app.php on line 24
[23-Aug-2023 13:21:19 Europe/Madrid] Inicio de aplicación web
[23-Aug-2023 13:21:19 Europe/Madrid] PHP Deprecated:  rtrim(): Passing null to parameter #1 ($string) of type string is deprecated in C:\xampp\htdocs\proyecto\mvc\libs\app.php on line 11
[23-Aug-2023 13:21:19 Europe/Madrid] APP::construct-> no hay controlador especificado
[23-Aug-2023 13:21:19 Europe/Madrid] PHP Deprecated:  Creation of dynamic property Controller::$view is deprecated in C:\xampp\htdocs\proyecto\mvc\libs\controller.php on line 6
[23-Aug-2023 13:23:15 Europe/Madrid] Inicio de aplicación web
[23-Aug-2023 13:23:15 Europe/Madrid] PHP Deprecated:  rtrim(): Passing null to parameter #1 ($string) of type string is deprecated in C:\xampp\htdocs\proyecto\mvc\libs\app.php on line 11
[23-Aug-2023 13:23:15 Europe/Madrid] APP::construct-> no hay controlador especificado
[23-Aug-2023 13:23:15 Europe/Madrid] PHP Deprecated:  Creation of dynamic property Controller::$view is deprecated in C:\xampp\htdocs\proyecto\mvc\libs\controller.php on line 6
[23-Aug-2023 13:25:30 Europe/Madrid] Inicio de aplicación web
[23-Aug-2023 13:25:30 Europe/Madrid] PHP Deprecated:  rtrim(): Passing null to parameter #1 ($string) of type string is deprecated in C:\xampp\htdocs\proyecto\mvc\libs\app.php on line 11
[23-Aug-2023 13:25:30 Europe/Madrid] APP::construct-> no hay controlador especificado
[23-Aug-2023 13:25:30 Europe/Madrid] PHP Deprecated:  Creation of dynamic property Controller::$view is deprecated in C:\xampp\htdocs\proyecto\mvc\libs\controller.php on line 6
[23-Aug-2023 13:25:37 Europe/Madrid] Inicio de aplicación web
[23-Aug-2023 13:25:37 Europe/Madrid] PHP Deprecated:  rtrim(): Passing null to parameter #1 ($string) of type string is deprecated in C:\xampp\htdocs\proyecto\mvc\libs\app.php on line 11
[23-Aug-2023 13:25:37 Europe/Madrid] APP::construct-> no hay controlador especificado
[23-Aug-2023 13:25:37 Europe/Madrid] PHP Deprecated:  Creation of dynamic property Controller::$view is deprecated in C:\xampp\htdocs\proyecto\mvc\libs\controller.php on line 6
[23-Aug-2023 13:43:18 Europe/Madrid] Inicio de aplicación web
[23-Aug-2023 13:43:18 Europe/Madrid] PHP Deprecated:  rtrim(): Passing null to parameter #1 ($string) of type string is deprecated in C:\xampp\htdocs\proyecto\mvc\libs\app.php on line 11
[23-Aug-2023 13:43:18 Europe/Madrid] APP::construct-> no hay controlador especificado
[23-Aug-2023 13:43:18 Europe/Madrid] PHP Deprecated:  Creation of dynamic property Controller::$view is deprecated in C:\xampp\htdocs\proyecto\mvc\libs\controller.php on line 6
[23-Aug-2023 13:43:20 Europe/Madrid] Inicio de aplicación web
[23-Aug-2023 13:43:20 Europe/Madrid] PHP Deprecated:  rtrim(): Passing null to parameter #1 ($string) of type string is deprecated in C:\xampp\htdocs\proyecto\mvc\libs\app.php on line 11
[23-Aug-2023 13:43:20 Europe/Madrid] APP::construct-> no hay controlador especificado
[23-Aug-2023 13:43:20 Europe/Madrid] PHP Deprecated:  Creation of dynamic property Controller::$view is deprecated in C:\xampp\htdocs\proyecto\mvc\libs\controller.php on line 6
[23-Aug-2023 13:46:54 Europe/Madrid] Inicio de aplicación web
[23-Aug-2023 13:46:54 Europe/Madrid] PHP Deprecated:  rtrim(): Passing null to parameter #1 ($string) of type string is deprecated in C:\xampp\htdocs\proyecto\mvc\libs\app.php on line 11
[23-Aug-2023 13:46:54 Europe/Madrid] APP::construct-> no hay controlador especificado
[23-Aug-2023 13:46:54 Europe/Madrid] PHP Deprecated:  Creation of dynamic property Controller::$view is deprecated in C:\xampp\htdocs\proyecto\mvc\libs\controller.php on line 6
[23-Aug-2023 13:53:42 Europe/Madrid] Inicio de aplicación web
[23-Aug-2023 13:53:42 Europe/Madrid] PHP Deprecated:  rtrim(): Passing null to parameter #1 ($string) of type string is deprecated in C:\xampp\htdocs\proyecto\mvc\libs\app.php on line 11
[23-Aug-2023 13:53:42 Europe/Madrid] APP::construct-> no hay controlador especificado
[23-Aug-2023 13:53:42 Europe/Madrid] PHP Deprecated:  Creation of dynamic property Controller::$view is deprecated in C:\xampp\htdocs\proyecto\mvc\libs\controller.php on line 6
[25-Aug-2023 18:12:20 Europe/Madrid] Inicio de aplicación web
[25-Aug-2023 18:12:20 Europe/Madrid] PHP Deprecated:  Creation of dynamic property Errores::$view is deprecated in C:\xampp\htdocs\proyecto\mvc\libs\controller.php on line 7
[25-Aug-2023 18:12:20 Europe/Madrid] PHP Deprecated:  Creation of dynamic property View::$mensaje is deprecated in C:\xampp\htdocs\proyecto\mvc\controllers\errores.php on line 8
[25-Aug-2023 18:12:20 Europe/Madrid] Errores::construct -> Inicio de errores
[25-Aug-2023 18:12:20 Europe/Madrid] Errores::render -> Renderizando vista errores/index
[25-Aug-2023 18:12:20 Europe/Madrid] PHP Deprecated:  Creation of dynamic property View::$data is deprecated in C:\xampp\htdocs\proyecto\mvc\libs\views.php on line 10
